benchmarks/tests/miniTest1.sk ... PASS
benchmarks/tests/miniTest10.sk ... PASS
benchmarks/tests/miniTest11.sk ... PASS
benchmarks/tests/miniTest12.sk ... PASS
benchmarks/tests/miniTest13.sk ... PASS
benchmarks/tests/miniTest14.sk ... PASS
benchmarks/tests/miniTest15.sk ... PASS
benchmarks/tests/miniTest16.sk ... PASS
benchmarks/tests/miniTest17.sk ... PASS
benchmarks/tests/miniTest18.sk ... PASS
benchmarks/tests/miniTest19.sk ... PASS
benchmarks/tests/miniTest199Includes.sk ... FAIL
benchmarks/tests/miniTest2.sk ... PASS
benchmarks/tests/miniTest20.sk ... PASS
benchmarks/tests/miniTest207MainMethodAndPragma.sk ... PASS
benchmarks/tests/miniTest208Globals.sk ... PASS
benchmarks/tests/miniTest209Globals.sk ... PASS
benchmarks/tests/miniTest21.sk ... PASS
benchmarks/tests/miniTest211ExprArrayInit.sk ... PASS
benchmarks/tests/miniTest212IndexOffsetBug.sk ... PASS
benchmarks/tests/miniTest213ArrExpScaling.sk ... FAIL
benchmarks/tests/miniTest215Choice.sk ... FAIL
benchmarks/tests/miniTest22.sk ... PASS
benchmarks/tests/miniTest23.sk ... PASS
benchmarks/tests/miniTest24.sk ... PASS
benchmarks/tests/miniTest25.sk ... PASS
benchmarks/tests/miniTest26.sk ... PASS
benchmarks/tests/miniTest28.sk ... PASS
benchmarks/tests/miniTest29.sk ... PASS
benchmarks/tests/miniTest3.sk ... PASS
benchmarks/tests/miniTest30.sk ... PASS
benchmarks/tests/miniTest31.sk ... PASS
benchmarks/tests/miniTest32.sk ... PASS
benchmarks/tests/miniTest33.sk ... PASS
benchmarks/tests/miniTest34.sk ... PASS
benchmarks/tests/miniTest35.sk ... PASS
benchmarks/tests/miniTest36.sk ... PASS
benchmarks/tests/miniTest37.sk ... PASS
benchmarks/tests/miniTest38.sk ... PASS
benchmarks/tests/miniTest39.sk ... PASS
benchmarks/tests/miniTest4.sk ... PASS
benchmarks/tests/miniTest40.sk ... PASS
benchmarks/tests/miniTest41.sk ... PASS
benchmarks/tests/miniTest42.sk ... PASS
benchmarks/tests/miniTest43.sk ... PASS
benchmarks/tests/miniTest44.sk ... PASS
benchmarks/tests/miniTest45.sk ... PASS
benchmarks/tests/miniTest46.sk ... PASS
benchmarks/tests/miniTest47.sk ... PASS
benchmarks/tests/miniTest48.sk ... PASS
benchmarks/tests/miniTest49.sk ... PASS
benchmarks/tests/miniTest5.sk ... PASS
benchmarks/tests/miniTest50.sk ... FAIL
benchmarks/tests/miniTest51.sk ... PASS
benchmarks/tests/miniTest52.sk ... PASS
benchmarks/tests/miniTest53.sk ... PASS
benchmarks/tests/miniTest54.sk ... FAIL
benchmarks/tests/miniTest55.sk ... PASS
benchmarks/tests/miniTest56.sk ... PASS
benchmarks/tests/miniTest57.sk ... PASS
benchmarks/tests/miniTest6.sk ... PASS
benchmarks/tests/miniTest60.sk ... PASS
benchmarks/tests/miniTest61.sk ... PASS
benchmarks/tests/miniTest62.sk ... PASS
benchmarks/tests/miniTest63.sk ... PASS
benchmarks/tests/miniTest64.sk ... PASS
benchmarks/tests/miniTest65.sk ... PASS
benchmarks/tests/miniTest66.sk ... PASS
benchmarks/tests/miniTest67.sk ... PASS
benchmarks/tests/miniTest68.sk ... PASS
benchmarks/tests/miniTest69.sk ... PASS
benchmarks/tests/miniTest7.sk ... PASS
benchmarks/tests/miniTest70.sk ... PASS
benchmarks/tests/miniTest71.sk ... PASS
benchmarks/tests/miniTest72.sk ... PASS
benchmarks/tests/miniTest73.sk ... PASS
benchmarks/tests/miniTest74.sk ... PASS
benchmarks/tests/miniTest75.sk ... PASS
benchmarks/tests/miniTest76.sk ... PASS
benchmarks/tests/miniTest77.sk ... PASS
benchmarks/tests/miniTest78.sk ... FAIL
benchmarks/tests/miniTest79.sk ... PASS
benchmarks/tests/miniTest7small.sk ... PASS
benchmarks/tests/miniTest8.sk ... PASS
benchmarks/tests/miniTest80.sk ... PASS
benchmarks/tests/miniTest81.sk ... PASS
benchmarks/tests/miniTest82.sk ... PASS
benchmarks/tests/miniTest83.sk ... PASS
benchmarks/tests/miniTest84.sk ... PASS
benchmarks/tests/miniTest85.sk ... PASS
benchmarks/tests/miniTest86.sk ... PASS
benchmarks/tests/miniTest87.sk ... PASS
benchmarks/tests/miniTest88.sk ... PASS
benchmarks/tests/miniTest89.sk ... PASS
benchmarks/tests/miniTest9.sk ... PASS
benchmarks/tests/miniTest90.sk ... PASS
benchmarks/tests/miniTest91.sk ... PASS
benchmarks/tests/miniTest92.sk ... PASS
benchmarks/tests/miniTest93.sk ... FAIL
benchmarks/tests/miniTest94.sk ... PASS
benchmarks/tests/miniTest95.sk ... PASS
benchmarks/tests/miniTest96.sk ... PASS
benchmarks/tests/miniTest97.sk ... PASS
benchmarks/tests/miniTest98.sk ... PASS
benchmarks/tests/miniTest99.sk ... PASS
benchmarks/tests/miniTestb100.sk ... PASS
benchmarks/tests/miniTestb101.sk ... FAIL
benchmarks/tests/miniTestb102.sk ... TIMEOUT
benchmarks/tests/miniTestb103.sk ... PASS
benchmarks/tests/miniTestb104.sk ... PASS
benchmarks/tests/miniTestb105.sk ... PASS
benchmarks/tests/miniTestb106.sk ... PASS
benchmarks/tests/miniTestb107.sk ... PASS
benchmarks/tests/miniTestb108.sk ... PASS
benchmarks/tests/miniTestb109.sk ... PASS
benchmarks/tests/miniTestb110.sk ... PASS
benchmarks/tests/miniTestb111.sk ... PASS
benchmarks/tests/miniTestb112.sk ... PASS
benchmarks/tests/miniTestb113.sk ... PASS
benchmarks/tests/miniTestb114.sk ... PASS
benchmarks/tests/miniTestb116.sk ... PASS
benchmarks/tests/miniTestb117.sk ... PASS
benchmarks/tests/miniTestb118.sk ... PASS
benchmarks/tests/miniTestb120.sk ... PASS
benchmarks/tests/miniTestb121.sk ... PASS
benchmarks/tests/miniTestb122.sk ... PASS
benchmarks/tests/miniTestb123.sk ... PASS
benchmarks/tests/miniTestb124.sk ... PASS
benchmarks/tests/miniTestb125.sk ... PASS
benchmarks/tests/miniTestb126.sk ... PASS
benchmarks/tests/miniTestb127.sk ... PASS
benchmarks/tests/miniTestb128.sk ... PASS
benchmarks/tests/miniTestb129.sk ... PASS
benchmarks/tests/miniTestb130.sk ... PASS
benchmarks/tests/miniTestb131.sk ... PASS
benchmarks/tests/miniTestb132.sk ... PASS
benchmarks/tests/miniTestb133.sk ... PASS
benchmarks/tests/miniTestb134.sk ... PASS
benchmarks/tests/miniTestb135.sk ... PASS
benchmarks/tests/miniTestb136.sk ... PASS
benchmarks/tests/miniTestb137.sk ... PASS
benchmarks/tests/miniTestb138.sk ... PASS
benchmarks/tests/miniTestb139.sk ... PASS
benchmarks/tests/miniTestb140.sk ... PASS
benchmarks/tests/miniTestb141.sk ... PASS
benchmarks/tests/miniTestb142.sk ... PASS
benchmarks/tests/miniTestb143.sk ... FAIL
benchmarks/tests/miniTestb144.sk ... PASS
benchmarks/tests/miniTestb145.sk ... PASS
benchmarks/tests/miniTestb146.sk ... PASS
benchmarks/tests/miniTestb147.sk ... FAIL
benchmarks/tests/miniTestb148.sk ... PASS
benchmarks/tests/miniTestb149.sk ... PASS
benchmarks/tests/miniTestb150.sk ... PASS
benchmarks/tests/miniTestb151.sk ... PASS
benchmarks/tests/miniTestb152.sk ... PASS
benchmarks/tests/miniTestb153.sk ... PASS
benchmarks/tests/miniTestb154.sk ... PASS
benchmarks/tests/miniTestb155.sk ... PASS
benchmarks/tests/miniTestb156.sk ... PASS
benchmarks/tests/miniTestb157.sk ... PASS
benchmarks/tests/miniTestb158.sk ... PASS
benchmarks/tests/miniTestb159.sk ... PASS
benchmarks/tests/miniTestb160.sk ... PASS
benchmarks/tests/miniTestb161.sk ... PASS
benchmarks/tests/miniTestb162.sk ... PASS
benchmarks/tests/miniTestb163.sk ... PASS
benchmarks/tests/miniTestb164.sk ... TIMEOUT
benchmarks/tests/miniTestb165.sk ... PASS
benchmarks/tests/miniTestb166.sk ... PASS
benchmarks/tests/miniTestb167.sk ... PASS
benchmarks/tests/miniTestb168.sk ... PASS
benchmarks/tests/miniTestb169.sk ... PASS
benchmarks/tests/miniTestb170.sk ... PASS
benchmarks/tests/miniTestb171.sk ... PASS
benchmarks/tests/miniTestb172.sk ... PASS
benchmarks/tests/miniTestb173.sk ... PASS
benchmarks/tests/miniTestb174.sk ... PASS
benchmarks/tests/miniTestb175.sk ... PASS
benchmarks/tests/miniTestb176.sk ... PASS
benchmarks/tests/miniTestb177.sk ... TIMEOUT
benchmarks/tests/miniTestb178.sk ... TIMEOUT
benchmarks/tests/miniTestb179.sk ... TIMEOUT
benchmarks/tests/miniTestb180.sk ... TIMEOUT
benchmarks/tests/miniTestb181.sk ... TIMEOUT
benchmarks/tests/miniTestb182.sk ... TIMEOUT
benchmarks/tests/miniTestb183.sk ... PASS
benchmarks/tests/miniTestb184.sk ... TIMEOUT
benchmarks/tests/miniTestb185.sk ... PASS
benchmarks/tests/miniTestb186.sk ... FAIL
benchmarks/tests/miniTestb187.sk ... FAIL
benchmarks/tests/miniTestb188.sk ... PASS
benchmarks/tests/miniTestb189.sk ... TIMEOUT
benchmarks/tests/miniTestb190.sk ... PASS
benchmarks/tests/miniTestb191.sk ... PASS
benchmarks/tests/miniTestb192.sk ... PASS
benchmarks/tests/miniTestb193.sk ... PASS
benchmarks/tests/miniTestb194.sk ... PASS
benchmarks/tests/miniTestb195.sk ... PASS
benchmarks/tests/miniTestb196.sk ... FAIL
benchmarks/tests/miniTestb197.sk ... PASS
benchmarks/tests/miniTestb198.sk ... PASS
benchmarks/tests/miniTestb199.sk ... PASS
benchmarks/tests/miniTestb200.sk ... PASS
benchmarks/tests/miniTestb201.sk ... PASS
benchmarks/tests/miniTestb202.sk ... PASS
benchmarks/tests/miniTestb203.sk ... FAIL
benchmarks/tests/miniTestb204.sk ... PASS
benchmarks/tests/miniTestb205.sk ... PASS
benchmarks/tests/miniTestb206.sk ... PASS
benchmarks/tests/miniTestb207.sk ... PASS
benchmarks/tests/miniTestb208.sk ... FAIL
benchmarks/tests/miniTestb209.sk ... PASS
benchmarks/tests/miniTestb210.sk ... PASS
benchmarks/tests/miniTestb211.sk ... PASS
benchmarks/tests/miniTestb212.sk ... PASS
benchmarks/tests/miniTestb213.sk ... PASS
benchmarks/tests/miniTestb214.sk ... PASS
benchmarks/tests/miniTestb215.sk ... FAIL
benchmarks/tests/miniTestb216.sk ... TIMEOUT
benchmarks/tests/miniTestb217.sk ... PASS
benchmarks/tests/miniTestb218.sk ... TIMEOUT
benchmarks/tests/miniTestb219.sk ... PASS
benchmarks/tests/miniTestb220.sk ... PASS
benchmarks/tests/miniTestb221.sk ... PASS
benchmarks/tests/miniTestb222.sk ... PASS
benchmarks/tests/miniTestb223.sk ... PASS
benchmarks/tests/miniTestb224.sk ... PASS
benchmarks/tests/miniTestb225.sk ... FAIL
benchmarks/tests/miniTestb226.sk ... TIMEOUT
benchmarks/tests/miniTestb227.sk ... PASS
benchmarks/tests/miniTestb228.sk ... FAIL
benchmarks/tests/miniTestb229.sk ... PASS
benchmarks/tests/miniTestb230.sk ... PASS
benchmarks/tests/miniTestb231.sk ... FAIL
benchmarks/tests/miniTestb232.sk ... PASS
benchmarks/tests/miniTestb233.sk ... FAIL
benchmarks/tests/miniTestb234.sk ... FAIL
benchmarks/tests/miniTestb235.sk ... FAIL
benchmarks/tests/miniTestb236.sk ... FAIL
benchmarks/tests/miniTestb237.sk ... FAIL
benchmarks/tests/miniTestb238.sk ... FAIL
benchmarks/tests/miniTestb239.sk ... FAIL
benchmarks/tests/miniTestb240.sk ... FAIL
benchmarks/tests/miniTestb241.sk ... FAIL
benchmarks/tests/miniTestb242.sk ... FAIL
benchmarks/tests/miniTestb243.sk ... FAIL
benchmarks/tests/miniTestb244.sk ... FAIL
benchmarks/tests/miniTestb245.sk ... FAIL
benchmarks/tests/miniTestb246.sk ... FAIL
benchmarks/tests/miniTestb247.sk ... FAIL
benchmarks/tests/miniTestb248.sk ... FAIL
benchmarks/tests/miniTestb249.sk ... FAIL
benchmarks/tests/miniTestb250.sk ... FAIL
benchmarks/tests/miniTestb251.sk ... FAIL
benchmarks/tests/miniTestb252.sk ... FAIL
benchmarks/tests/miniTestb253.sk ... FAIL
benchmarks/tests/miniTestb254.sk ... FAIL
benchmarks/tests/miniTestb255.sk ... FAIL
benchmarks/tests/miniTestb256.sk ... FAIL
benchmarks/tests/miniTestb257.sk ... FAIL
benchmarks/tests/miniTestb258.sk ... FAIL
benchmarks/tests/miniTestb259.sk ... FAIL
benchmarks/tests/miniTestb260.sk ... FAIL
benchmarks/tests/miniTestb261.sk ... FAIL
benchmarks/tests/miniTestb262.sk ... FAIL
benchmarks/tests/miniTestb263.sk ... FAIL
benchmarks/tests/miniTestb264.sk ... PASS
benchmarks/tests/miniTestb265.sk ... PASS
benchmarks/tests/miniTestb266.sk ... FAIL
benchmarks/tests/miniTestb267.sk ... FAIL
benchmarks/tests/miniTestb268.sk ... PASS
benchmarks/tests/miniTestb269.sk ... FAIL
benchmarks/tests/miniTestb270.sk ... FAIL
benchmarks/tests/miniTestb271.sk ... FAIL
benchmarks/tests/miniTestb272.sk ... FAIL
benchmarks/tests/miniTestb273.sk ... FAIL
benchmarks/tests/miniTestb274.sk ... FAIL
benchmarks/tests/miniTestb275.sk ... PASS
benchmarks/tests/miniTestb276.sk ... PASS
benchmarks/tests/miniTestb277.sk ... PASS
benchmarks/tests/miniTestb278.sk ... PASS
benchmarks/tests/miniTestb279.sk ... PASS
benchmarks/tests/miniTestb280.sk ... PASS
benchmarks/tests/miniTestb281.sk ... FAIL
benchmarks/tests/miniTestb282.sk ... FAIL
benchmarks/tests/miniTestb283.sk ... FAIL
benchmarks/tests/miniTestb284.sk ... FAIL
benchmarks/tests/miniTestb285.sk ... PASS
benchmarks/tests/miniTestb286.sk ... FAIL
benchmarks/tests/miniTestb287.sk ... FAIL
benchmarks/tests/miniTestb288.sk ... FAIL
benchmarks/tests/miniTestb289.sk ... PASS
benchmarks/tests/miniTestb290.sk ... FAIL
benchmarks/tests/miniTestb291.sk ... FAIL
benchmarks/tests/miniTestb292.sk ... FAIL
benchmarks/tests/miniTestb293.sk ... FAIL
benchmarks/tests/miniTestb294.sk ... FAIL
benchmarks/tests/miniTestb295.sk ... FAIL
benchmarks/tests/miniTestb296.sk ... FAIL
benchmarks/tests/miniTestb297.sk ... FAIL
benchmarks/tests/miniTestb298.sk ... FAIL
benchmarks/tests/miniTestb299.sk ... FAIL
benchmarks/tests/miniTestb300.sk ... FAIL
benchmarks/tests/miniTestb301.sk ... FAIL
benchmarks/tests/miniTestb302.sk ... FAIL
benchmarks/tests/miniTestb303.sk ... FAIL
benchmarks/tests/miniTestb304.sk ... FAIL
benchmarks/tests/miniTestb305.sk ... FAIL
benchmarks/tests/miniTestb306.sk ... FAIL
benchmarks/tests/miniTestb307.sk ... FAIL
benchmarks/tests/miniTestb308.sk ... FAIL
benchmarks/tests/miniTestb309.sk ... FAIL
benchmarks/tests/miniTestb310.sk ... FAIL
benchmarks/tests/miniTestb311.sk ... PASS
benchmarks/tests/miniTestb312.sk ... FAIL
benchmarks/tests/miniTestb313.sk ... TIMEOUT
benchmarks/tests/miniTestb314.sk ... PASS
benchmarks/tests/miniTestb315.sk ... FAIL
benchmarks/tests/miniTestb316.sk ... FAIL
benchmarks/tests/miniTestb317.sk ... FAIL
benchmarks/tests/miniTestb318.sk ... PASS
benchmarks/tests/miniTestb319.sk ... PASS
benchmarks/tests/miniTestb320.sk ... FAIL
benchmarks/tests/miniTestb321.sk ... FAIL
benchmarks/tests/miniTestb322.sk ... FAIL
benchmarks/tests/miniTestb333.sk ... PASS
benchmarks/tests/miniTestb334.sk ... TIMEOUT
benchmarks/tests/miniTestb335.sk ... PASS
benchmarks/tests/miniTestb336.sk ... PASS
benchmarks/tests/miniTestb337.sk ... PASS
benchmarks/tests/miniTestb338.sk ... TIMEOUT
benchmarks/tests/miniTestb339.sk ... FAIL
benchmarks/tests/miniTestb340.sk ... FAIL
benchmarks/tests/miniTestb341.sk ... FAIL
benchmarks/tests/miniTestb342.sk ... FAIL
benchmarks/tests/miniTestb343.sk ... FAIL
benchmarks/tests/miniTestb344.sk ... FAIL
benchmarks/tests/miniTestb345.sk ... PASS
benchmarks/tests/miniTestb346.sk ... FAIL
benchmarks/tests/miniTestb347.sk ... FAIL
benchmarks/tests/miniTestb348.sk ... FAIL
benchmarks/tests/miniTestb349.sk ... FAIL
benchmarks/tests/miniTestb350.sk ... FAIL
benchmarks/tests/miniTestb351.sk ... FAIL
benchmarks/tests/miniTestb352.sk ... FAIL
benchmarks/tests/miniTestb353.sk ... FAIL
benchmarks/tests/miniTestb354.sk ... FAIL
benchmarks/tests/miniTestb355.sk ... FAIL
benchmarks/tests/miniTestb356.sk ... FAIL
benchmarks/tests/miniTestb357.sk ... FAIL
benchmarks/tests/miniTestb358.sk ... FAIL
benchmarks/tests/miniTestb359.sk ... PASS
benchmarks/tests/miniTestb360.sk ... FAIL
benchmarks/tests/miniTestb361.sk ... FAIL
benchmarks/tests/miniTestb362.sk ... PASS
benchmarks/tests/miniTestb363.sk ... FAIL
benchmarks/tests/miniTestb364.sk ... PASS
benchmarks/tests/miniTestb365.sk ... FAIL
benchmarks/tests/miniTestb366.sk ... PASS
benchmarks/tests/miniTestb367.sk ... PASS
benchmarks/tests/miniTestb368.sk ... PASS
benchmarks/tests/miniTestb369.sk ... FAIL
benchmarks/tests/miniTestb370.sk ... FAIL
benchmarks/tests/miniTestb371.sk ... FAIL
benchmarks/tests/miniTestb372.sk ... FAIL
benchmarks/tests/miniTestb373.sk ... FAIL
benchmarks/tests/miniTestb374.sk ... FAIL
benchmarks/tests/miniTestb375.sk ... FAIL
benchmarks/tests/miniTestb376.sk ... PASS
benchmarks/tests/miniTestb377.sk ... FAIL
benchmarks/tests/miniTestb378.sk ... PASS
benchmarks/tests/miniTestb379.sk ... FAIL
benchmarks/tests/miniTestb380.sk ... FAIL
benchmarks/tests/miniTestb381.sk ... TIMEOUT
benchmarks/tests/miniTestb382.sk ... FAIL
benchmarks/tests/miniTestb383.sk ... TIMEOUT
benchmarks/tests/miniTestb384.sk ... TIMEOUT
benchmarks/tests/miniTestb385.sk ... FAIL
benchmarks/tests/miniTestb386.sk ... FAIL
benchmarks/tests/miniTestb387.sk ... FAIL
benchmarks/tests/miniTestb388.sk ... FAIL
benchmarks/tests/miniTestb389.sk ... FAIL
benchmarks/tests/miniTestb390.sk ... FAIL
benchmarks/tests/miniTestb391.sk ... FAIL
benchmarks/tests/miniTestb392.sk ... FAIL
benchmarks/tests/miniTestb393.sk ... FAIL
benchmarks/tests/miniTestb394.sk ... TIMEOUT
benchmarks/tests/miniTestb395.sk ... FAIL
benchmarks/tests/miniTestb396.sk ... FAIL
benchmarks/tests/miniTestb397.sk ... FAIL
benchmarks/tests/miniTestb398.sk ... FAIL
benchmarks/tests/miniTestb399.sk ... TIMEOUT
benchmarks/tests/miniTestb400.sk ... FAIL
benchmarks/tests/miniTestb401.sk ... FAIL
benchmarks/tests/miniTestb402.sk ... FAIL
benchmarks/tests/miniTestb403.sk ... FAIL
benchmarks/tests/miniTestb404.sk ... FAIL
benchmarks/tests/miniTestb405.sk ... FAIL
benchmarks/tests/miniTestb406.sk ... FAIL
benchmarks/tests/miniTestb407.sk ... FAIL
benchmarks/tests/miniTestb408.sk ... FAIL
benchmarks/tests/miniTestb409.sk ... FAIL
benchmarks/tests/miniTestb410.sk ... FAIL
benchmarks/tests/miniTestb411.sk ... FAIL
benchmarks/tests/miniTestb412.sk ... FAIL
benchmarks/tests/miniTestb413.sk ... FAIL
benchmarks/tests/miniTestb414.sk ... FAIL
benchmarks/tests/miniTestb415.sk ... FAIL
benchmarks/tests/miniTestb416.sk ... FAIL
benchmarks/tests/miniTestb417.sk ... FAIL
benchmarks/tests/miniTestb418.sk ... FAIL
benchmarks/tests/miniTestb419.sk ... FAIL
benchmarks/tests/miniTestb420.sk ... FAIL
benchmarks/tests/miniTestb421.sk ... FAIL
benchmarks/tests/miniTestb422.sk ... FAIL
benchmarks/tests/miniTestb423.sk ... PASS
benchmarks/tests/miniTestb424.sk ... TIMEOUT
benchmarks/tests/miniTestb425.sk ... FAIL
benchmarks/tests/miniTestb426.sk ... FAIL
benchmarks/tests/miniTestb427.sk ... FAIL
benchmarks/tests/miniTestb428.sk ... FAIL
benchmarks/tests/miniTestb429.sk ... FAIL
benchmarks/tests/miniTestb430.sk ... FAIL
benchmarks/tests/miniTestb431.sk ... FAIL
benchmarks/tests/miniTestb432.sk ... FAIL
benchmarks/tests/miniTestb433.sk ... FAIL
benchmarks/tests/miniTestb434.sk ... FAIL
benchmarks/tests/miniTestb435.sk ... FAIL
benchmarks/tests/miniTestb436.sk ... FAIL
benchmarks/tests/miniTestb437.sk ... FAIL
benchmarks/tests/miniTestb438.sk ... PASS
benchmarks/tests/miniTestb439.sk ... PASS
benchmarks/tests/miniTestb440.sk ... PASS
benchmarks/tests/miniTestb441.sk ... FAIL
benchmarks/tests/miniTestb442.sk ... FAIL
benchmarks/tests/miniTestb443.sk ... FAIL
benchmarks/tests/miniTestb444.sk ... FAIL
benchmarks/tests/miniTestb445.sk ... FAIL
benchmarks/tests/miniTestb446.sk ... FAIL
benchmarks/tests/miniTestb447.sk ... FAIL
benchmarks/tests/miniTestb448.sk ... FAIL
benchmarks/tests/miniTestb449.sk ... FAIL
benchmarks/tests/miniTestb450.sk ... FAIL
benchmarks/tests/miniTestb451.sk ... FAIL
benchmarks/tests/miniTestb452.sk ... FAIL
benchmarks/tests/miniTestb453.sk ... FAIL
benchmarks/tests/miniTestb454.sk ... PASS
benchmarks/tests/miniTestb455.sk ... PASS
benchmarks/tests/miniTestb456.sk ... FAIL
benchmarks/tests/miniTestb457.sk ... FAIL
benchmarks/tests/miniTestb458.sk ... FAIL
benchmarks/tests/miniTestb459.sk ... FAIL
benchmarks/tests/miniTestb460.sk ... FAIL
benchmarks/tests/miniTestb461.sk ... PASS
benchmarks/tests/miniTestb462.sk ... PASS
benchmarks/tests/miniTestb463.sk ... FAIL
benchmarks/tests/miniTestb464.sk ... PASS
benchmarks/tests/miniTestb465.sk ... FAIL
benchmarks/tests/miniTestb466.sk ... FAIL
benchmarks/tests/miniTestb467.sk ... FAIL
benchmarks/tests/miniTestb468.sk ... FAIL
benchmarks/tests/miniTestb469.sk ... FAIL
benchmarks/tests/miniTestb470.sk ... FAIL
benchmarks/tests/miniTestb471.sk ... PASS
benchmarks/tests/miniTestb472.sk ... PASS
benchmarks/tests/miniTestb473.sk ... FAIL
benchmarks/tests/miniTestb474.sk ... FAIL
benchmarks/tests/miniTestb475.sk ... FAIL
benchmarks/tests/miniTestb476.sk ... FAIL
benchmarks/tests/miniTestb477.sk ... FAIL
benchmarks/tests/miniTestb478.sk ... FAIL
benchmarks/tests/miniTestb479.sk ... PASS
benchmarks/tests/miniTestb480.sk ... FAIL
benchmarks/tests/miniTestb481.sk ... FAIL
benchmarks/tests/miniTestb482.sk ... FAIL
benchmarks/tests/miniTestb483.sk ... FAIL
benchmarks/tests/miniTestb484.sk ... FAIL
benchmarks/tests/miniTestb485.sk ... FAIL
benchmarks/tests/miniTestb486.sk ... FAIL
benchmarks/tests/miniTestb487.sk ... FAIL
benchmarks/tests/miniTestb488.sk ... FAIL
benchmarks/tests/miniTestb489.sk ... FAIL
benchmarks/tests/miniTestb490.sk ... FAIL
benchmarks/tests/miniTestb491.sk ... FAIL
benchmarks/tests/miniTestb492.sk ... FAIL
benchmarks/tests/miniTestb493.sk ... FAIL
benchmarks/tests/miniTestb494.sk ... FAIL
benchmarks/tests/miniTestb495.sk ... FAIL
benchmarks/tests/miniTestb496.sk ... FAIL
benchmarks/tests/miniTestb497.sk ... FAIL
benchmarks/tests/miniTestb498.sk ... FAIL
benchmarks/tests/miniTestb499.sk ... FAIL
benchmarks/tests/miniTestb500.sk ... FAIL
benchmarks/tests/miniTestb501.sk ... FAIL
benchmarks/tests/miniTestb502.sk ... FAIL
benchmarks/tests/miniTestb503.sk ... FAIL
benchmarks/tests/miniTestb504.sk ... FAIL
benchmarks/tests/miniTestb505.sk ... FAIL
benchmarks/tests/miniTestb506.sk ... FAIL
benchmarks/tests/miniTestb507.sk ... FAIL
benchmarks/tests/miniTestb508.sk ... FAIL
benchmarks/tests/miniTestb509.sk ... FAIL
benchmarks/tests/miniTestb510.sk ... FAIL
benchmarks/tests/miniTestb511.sk ... FAIL
benchmarks/tests/miniTestb512.sk ... FAIL
benchmarks/tests/miniTestb513.sk ... PASS
benchmarks/tests/miniTestb514.sk ... FAIL
benchmarks/tests/miniTestb515.sk ... FAIL
benchmarks/tests/miniTestb516.sk ... FAIL
benchmarks/tests/miniTestb517.sk ... FAIL
benchmarks/tests/miniTestb518.sk ... FAIL
benchmarks/tests/miniTestb519.sk ... FAIL
benchmarks/tests/miniTestb520.sk ... PASS
benchmarks/tests/miniTestb521.sk ... FAIL
benchmarks/tests/miniTestb522.sk ... FAIL
benchmarks/tests/miniTestb523.sk ... FAIL
benchmarks/tests/miniTestb524.sk ... PASS
benchmarks/tests/miniTestb525.sk ... FAIL
benchmarks/tests/miniTestb526.sk ... FAIL
benchmarks/tests/miniTestb527.sk ... FAIL
benchmarks/tests/miniTestb528.sk ... FAIL
benchmarks/tests/miniTestb529.sk ... FAIL
benchmarks/tests/miniTestb530.sk ... FAIL
benchmarks/tests/miniTestb531.sk ... FAIL
benchmarks/tests/miniTestb532.sk ... PASS
benchmarks/tests/miniTestb533.sk ... FAIL
benchmarks/tests/miniTestb534.sk ... FAIL
benchmarks/tests/miniTestb535.sk ... FAIL
benchmarks/tests/miniTestb536.sk ... FAIL
benchmarks/tests/miniTestb537.sk ... FAIL
benchmarks/tests/miniTestb538.sk ... FAIL
benchmarks/tests/miniTestb539.sk ... FAIL
benchmarks/tests/miniTestb540.sk ... FAIL
benchmarks/tests/miniTestb541.sk ... FAIL
benchmarks/tests/miniTestb542.sk ... FAIL
benchmarks/tests/miniTestb543.sk ... FAIL
benchmarks/tests/miniTestb544.sk ... FAIL
benchmarks/perf/perf0.smten.sk ... PASS
benchmarks/perf/perf1.smten.sk ... PASS
benchmarks/perf/perf10.smten.sk ... PASS
benchmarks/perf/perf11.smten.sk ... TIMEOUT
benchmarks/perf/perf12.smten.sk ... PASS
benchmarks/perf/perf13.smten.sk ... TIMEOUT
benchmarks/perf/perf14.smten.sk ... TIMEOUT
benchmarks/perf/perf15.smten.sk ... PASS
benchmarks/perf/perf16.smten.sk ... TIMEOUT
benchmarks/perf/perf17.smten.sk ... TIMEOUT
benchmarks/perf/perf2.smten.sk ... PASS
benchmarks/perf/perf3.smten.sk ... PASS
benchmarks/perf/perf4.smten.sk ... PASS
benchmarks/perf/perf5.smten.sk ... TIMEOUT
benchmarks/perf/perf6.smten.sk ... PASS
benchmarks/perf/perf7.smten.sk ... PASS
benchmarks/perf/perf8.smten.sk ... PASS
benchmarks/perf/perf9.smten.sk ... TIMEOUT
